2021-09-15 15:02:46 DEBUG ClientDAO:82 - Connected with database
2021-09-15 15:02:46 DEBUG ClientDAO:98 - Find all clients executed
2021-09-15 15:02:46 DEBUG ClientDAO:53 - Connected with database
2021-09-15 15:02:46 DEBUG ClientDAO:66 - Find by phone executed
2021-09-15 15:02:46 DEBUG AccountDAO:28 - Connected with database
2021-09-15 15:02:46 DEBUG AccountDAO:42 - Find all accounts executed
2021-09-15 15:02:46 DEBUG AccountDAO:95 - Connected with database
2021-09-15 15:02:46 DEBUG AccountDAO:105 - Find by value executed
2021-09-15 15:02:46 DEBUG ClientDAO:30 - Connected with database
2021-09-15 15:02:46 DEBUG ClientDAO:46 - Join client executed
2021-09-15 15:02:46 INFO  Main:24 - MainClass works
2021-09-15 15:03:03 ERROR Database:23 - Connection to server refused
2021-09-15 15:03:03 ERROR Database:25 - Check connection with postgres
2021-09-15 15:03:14 DEBUG ClientDAO:82 - Connected with database
2021-09-15 15:03:14 DEBUG ClientDAO:98 - Find all clients executed
2021-09-15 15:03:14 DEBUG ClientDAO:53 - Connected with database
2021-09-15 15:03:14 DEBUG ClientDAO:66 - Find by phone executed
2021-09-15 15:03:14 DEBUG AccountDAO:28 - Connected with database
2021-09-15 15:03:14 DEBUG AccountDAO:42 - Find all accounts executed
2021-09-15 15:03:14 DEBUG AccountDAO:95 - Connected with database
2021-09-15 15:03:14 DEBUG AccountDAO:105 - Find by value executed
2021-09-15 15:03:14 DEBUG ClientDAO:30 - Connected with database
2021-09-15 15:03:14 DEBUG ClientDAO:46 - Join client executed
2021-09-15 15:03:14 INFO  Main:24 - MainClass works
2021-09-23 02:34:34 DEBUG ClientDAO:82 - Connected with database
2021-09-23 02:34:34 DEBUG ClientDAO:98 - Find all clients executed
2021-09-23 02:34:34 DEBUG ClientDAO:53 - Connected with database
2021-09-23 02:34:34 DEBUG ClientDAO:66 - Find by phone executed
2021-09-23 02:34:34 DEBUG AccountDAO:28 - Connected with database
2021-09-23 02:34:34 DEBUG AccountDAO:42 - Find all accounts executed
2021-09-23 02:34:34 DEBUG AccountDAO:95 - Connected with database
2021-09-23 02:34:34 DEBUG AccountDAO:105 - Find by value executed
2021-09-23 02:34:34 DEBUG ClientDAO:30 - Connected with database
2021-09-23 02:34:34 DEBUG ClientDAO:46 - Join client executed
2021-09-23 02:34:34 INFO  Main:24 - MainClass works
2021-09-23 11:45:39 DEBUG AccountService:19 - AccountDao configured
2021-09-23 11:45:39 DEBUG AccountDAO:28 - Connected with database
2021-09-23 11:45:39 DEBUG AccountDAO:42 - Find all accounts executed
2021-09-23 11:45:39 DEBUG AccountService:34 - AccountService started
2021-09-23 11:46:20 DEBUG ClientService:19 - ClientDao configured
2021-09-23 11:46:20 DEBUG ClientDAO:82 - Connected with database
2021-09-23 11:46:20 DEBUG ClientDAO:98 - Find all clients executed
2021-09-23 11:46:20 DEBUG ClientService:37 - ClientService started
2021-09-23 11:57:33 DEBUG ClientService:19 - ClientDao configured
2021-09-23 11:57:33 DEBUG ClientDAO:82 - Connected with database
2021-09-23 11:57:33 DEBUG ClientDAO:98 - Find all clients executed
2021-09-23 11:57:33 DEBUG ClientService:37 - ClientService started
2021-09-23 12:01:00 DEBUG ClientService:19 - ClientDao configured
2021-09-23 12:01:00 DEBUG ClientDAO:82 - Connected with database
2021-09-23 12:01:00 DEBUG ClientDAO:98 - Find all clients executed
2021-09-23 12:01:00 DEBUG ClientService:37 - ClientService started
2021-09-23 12:01:06 DEBUG ClientService:19 - ClientDao configured
2021-09-23 12:01:06 DEBUG ClientDAO:82 - Connected with database
2021-09-23 12:01:06 DEBUG ClientDAO:98 - Find all clients executed
2021-09-23 12:01:06 DEBUG ClientService:37 - ClientService started
2021-09-23 12:03:22 DEBUG ClientService:19 - ClientDao configured
2021-09-23 12:03:22 DEBUG ClientService:41 - ClientService started
2021-09-23 12:07:57 DEBUG ClientService:19 - ClientDao configured
2021-09-23 12:07:57 DEBUG ClientService:41 - ClientService started
2021-09-23 12:09:50 DEBUG ClientService:19 - ClientDao configured
2021-09-23 12:09:50 DEBUG ClientService:37 - ClientService started
2021-09-23 12:15:10 DEBUG AccountService:19 - AccountDao configured
2021-09-23 12:15:10 DEBUG AccountService:34 - AccountService started
2021-09-23 12:25:48 DEBUG StatusService:19 - StatusDao configured
2021-09-23 12:25:48 DEBUG StatusDAO:27 - Connected with database
2021-09-23 12:25:48 DEBUG StatusDAO:40 - Find all statuses executed
2021-09-23 12:25:48 DEBUG StatusService:33 - StatusService configured
2021-09-23 12:27:47 DEBUG StatusService:19 - StatusDao configured
2021-09-23 12:27:48 DEBUG StatusDAO:27 - Connected with database
2021-09-23 12:27:48 DEBUG StatusDAO:40 - Find all statuses executed
2021-09-23 12:27:48 DEBUG StatusService:33 - StatusService configured
2021-09-23 12:30:28 DEBUG StatusService:19 - StatusDao configured
2021-09-23 12:30:28 DEBUG StatusService:33 - StatusService configured
2021-09-23 12:35:03 DEBUG AccountService:19 - AccountDao configured
2021-09-23 12:35:03 DEBUG AccountService:34 - AccountService started
2021-09-23 12:35:09 DEBUG ClientService:19 - ClientDao configured
2021-09-23 12:35:09 DEBUG ClientService:37 - ClientService started
2021-09-23 12:35:15 DEBUG StatusService:19 - StatusDao configured
2021-09-23 12:35:15 DEBUG StatusService:33 - StatusService configured
2021-09-23 12:40:07 DEBUG AccountService:19 - AccountDao configured
2021-09-23 12:40:07 DEBUG AccountService:34 - AccountService started
2021-09-23 12:40:15 DEBUG ClientService:19 - ClientDao configured
2021-09-23 12:40:15 DEBUG ClientService:37 - ClientService started
2021-09-23 12:40:28 DEBUG StatusService:19 - StatusDao configured
2021-09-23 12:40:28 DEBUG StatusService:33 - StatusService configured
2021-09-23 13:03:29 DEBUG ClientStatusService:19 - ClientStatusDao configured
2021-09-23 13:03:29 DEBUG ClientStatusService:32 - ClientStatusService started
2021-09-23 13:03:59 DEBUG ClientStatusService:19 - ClientStatusDao configured
2021-09-23 13:03:59 DEBUG ClientStatusService:32 - ClientStatusService started
2021-09-23 13:04:05 DEBUG StatusService:19 - StatusDao configured
2021-09-23 13:04:05 DEBUG StatusService:33 - StatusService configured
2021-09-23 13:04:11 DEBUG AccountService:19 - AccountDao configured
2021-09-23 13:04:11 DEBUG AccountService:34 - AccountService started
2021-09-23 13:04:17 DEBUG ClientService:19 - ClientDao configured
2021-09-23 13:04:17 DEBUG ClientService:37 - ClientService started
